<?xml version="1.0" encoding="UTF-8"?>
<!-- Generated by org.testng.reporters.JUnitReportReporter -->
<testsuite skipped="0" hostname="DESKTOP-INQUNRP" name="com.DesiredCapabilitiesChromeOptions.DisableInfoBar" tests="1" failures="0" timestamp="2020-12-01T11:00:00 EST" time="9.204" errors="0">
  <testcase name="disableInformationBar" time="9.204" classname="com.DesiredCapabilitiesChromeOptions.DisableInfoBar"/>
</testsuite> <!-- com.DesiredCapabilitiesChromeOptions.DisableInfoBar -->
