<?xml version="1.0" encoding="UTF-8"?>
<!-- Generated by org.testng.reporters.JUnitReportReporter -->
<testsuite skipped="0" hostname="DESKTOP-INQUNRP" name="com.DesiredCapabilitiesChromeOptions.Merge" tests="1" failures="0" timestamp="2020-12-01T10:46:04 EST" time="10.121" errors="0">
  <testcase name="accepctFalseByOptions" time="10.121" classname="com.DesiredCapabilitiesChromeOptions.Merge"/>
</testsuite> <!-- com.DesiredCapabilitiesChromeOptions.Merge -->
