<?xml version="1.0" encoding="UTF-8"?>
<!-- Generated by org.testng.reporters.JUnitReportReporter -->
<testsuite skipped="0" hostname="DESKTOP-INQUNRP" name="com.DesiredCapabilitiesChromeOptions.Maximize" tests="1" failures="0" timestamp="2020-12-01T10:30:22 EST" time="10.122" errors="0">
  <testcase name="accepctFalseByOptions" time="10.122" classname="com.DesiredCapabilitiesChromeOptions.Maximize"/>
</testsuite> <!-- com.DesiredCapabilitiesChromeOptions.Maximize -->
