<?xml version="1.0" encoding="UTF-8"?>
<!-- Generated by org.testng.reporters.JUnitReportReporter -->
<testsuite skipped="0" hostname="DESKTOP-INQUNRP" name="com.ParallelCrossBrwser.Test1" tests="2" failures="0" timestamp="2020-11-28T19:59:07 EST" time="13.843" errors="0">
  <testcase name="workDayTest" time="4.644" classname="com.ParallelCrossBrwser.Test1"/>
  <testcase name="test" time="9.199" classname="com.ParallelCrossBrwser.Test1"/>
</testsuite> <!-- com.ParallelCrossBrwser.Test1 -->
