<?xml version="1.0" encoding="UTF-8"?>
<!-- Generated by org.testng.reporters.JUnitReportReporter -->
<testsuite skipped="0" hostname="DESKTOP-INQUNRP" name="com.DesiredCapabilitiesChromeOptions.IncognitoMode" tests="1" failures="0" timestamp="2020-12-01T10:49:30 EST" time="10.124" errors="0">
  <testcase name="accepctFalseByOptions" time="10.124" classname="com.DesiredCapabilitiesChromeOptions.IncognitoMode"/>
</testsuite> <!-- com.DesiredCapabilitiesChromeOptions.IncognitoMode -->
