<?xml version="1.0" encoding="UTF-8"?>
<!-- Generated by org.testng.reporters.JUnitReportReporter -->
<testsuite skipped="0" hostname="DESKTOP-INQUNRP" name="com.ParallelCrossVersion.ChromeVersionTest" tests="1" failures="0" timestamp="2020-11-29T10:23:53 EST" time="0.026" errors="0">
  <testcase name="titleTest" time="0.026" classname="com.ParallelCrossVersion.ChromeVersionTest"/>
</testsuite> <!-- com.ParallelCrossVersion.ChromeVersionTest -->
