<?xml version="1.0" encoding="UTF-8"?>
<!-- Generated by org.testng.reporters.JUnitReportReporter -->
<testsuite skipped="0" hostname="DESKTOP-INQUNRP" name="com.ParallelFirefoxCrossVersion.FirefoxTest" tests="2" failures="0" timestamp="2020-11-29T17:34:14 EST" time="0.057" errors="0">
  <testcase name="urlTest" time="0.033" classname="com.ParallelFirefoxCrossVersion.FirefoxTest"/>
  <testcase name="urlTest" time="0.024" classname="com.ParallelFirefoxCrossVersion.FirefoxTest"/>
</testsuite> <!-- com.ParallelFirefoxCrossVersion.FirefoxTest -->
