<?xml version="1.0" encoding="UTF-8"?>
<!-- Generated by org.testng.reporters.JUnitReportReporter -->
<testsuite skipped="0" hostname="DESKTOP-INQUNRP" name="com.ParallelFramework.FacebookTest" tests="6" failures="0" timestamp="2020-11-28T20:16:01 EST" time="12.853" errors="0">
  <testcase name="urlTest" time="0.609" classname="com.ParallelFramework.FacebookTest"/>
  <testcase name="urlTest" time="0.852" classname="com.ParallelFramework.FacebookTest"/>
  <testcase name="titleTest" time="4.406" classname="com.ParallelFramework.FacebookTest"/>
  <testcase name="titleTest" time="4.122" classname="com.ParallelFramework.FacebookTest"/>
  <testcase name="titleTest" time="1.641" classname="com.ParallelFramework.FacebookTest"/>
  <testcase name="urlTest" time="1.223" classname="com.ParallelFramework.FacebookTest"/>
</testsuite> <!-- com.ParallelFramework.FacebookTest -->
