<?xml version="1.0" encoding="UTF-8"?>
<!-- Generated by org.testng.reporters.JUnitReportReporter -->
<testsuite skipped="0" hostname="DESKTOP-INQUNRP" name="com.DesiredCapabilitiesChromeOptions.SSLcertificate" tests="3" failures="0" timestamp="2020-12-01T10:20:13 EST" time="23.605" errors="0">
  <testcase name="accepctFalseByCapabilities" time="7.463" classname="com.DesiredCapabilitiesChromeOptions.SSLcertificate"/>
  <testcase name="accepctFalseByOptions" time="5.874" classname="com.DesiredCapabilitiesChromeOptions.SSLcertificate"/>
  <testcase name="accepctTrueByOptions" time="10.268" classname="com.DesiredCapabilitiesChromeOptions.SSLcertificate"/>
</testsuite> <!-- com.DesiredCapabilitiesChromeOptions.SSLcertificate -->
