<?xml version="1.0" encoding="UTF-8"?>
<!-- Generated by org.testng.reporters.JUnitReportReporter -->
<testsuite skipped="0" hostname="DESKTOP-INQUNRP" name="com.ParallelCrossBrwser.Chrome86" tests="1" failures="0" timestamp="2021-03-07T10:33:49 EST" time="11.732" errors="0">
  <testcase name="m4Test" time="11.732" classname="com.ParallelCrossBrwser.Chrome86"/>
</testsuite> <!-- com.ParallelCrossBrwser.Chrome86 -->
