<?xml version="1.0" encoding="UTF-8"?>
<!-- Generated by org.testng.reporters.JUnitReportReporter -->
<testsuite skipped="0" hostname="DESKTOP-INQUNRP" name="com.DesiredCapabilitiesChromeOptions.GetInformation" tests="1" failures="0" timestamp="2020-12-01T12:00:10 EST" time="11.731" errors="0">
  <testcase name="getAllInformation" time="11.731" classname="com.DesiredCapabilitiesChromeOptions.GetInformation"/>
</testsuite> <!-- com.DesiredCapabilitiesChromeOptions.GetInformation -->
