<?xml version="1.0" encoding="UTF-8"?>
<!-- Generated by org.testng.reporters.JUnitReportReporter -->
<testsuite skipped="0" hostname="DESKTOP-INQUNRP" name="com.DesiredCapabilitiesChromeOptions.HeadlessDriver" tests="2" failures="0" timestamp="2020-12-01T11:25:11 EST" time="18.233" errors="0">
  <testcase name="headlessMode" time="9.947" classname="com.DesiredCapabilitiesChromeOptions.HeadlessDriver"/>
  <testcase name="headlessModeAnotherMethod" time="8.286" classname="com.DesiredCapabilitiesChromeOptions.HeadlessDriver"/>
</testsuite> <!-- com.DesiredCapabilitiesChromeOptions.HeadlessDriver -->
