<?xml version="1.0" encoding="UTF-8"?>
<!-- Generated by org.testng.reporters.JUnitReportReporter -->
<testsuite skipped="0" hostname="DESKTOP-INQUNRP" name="com.ParallelCrossBrwser.SingleTest" tests="4" failures="0" timestamp="2020-12-01T09:40:18 EST" time="131.427" errors="0">
  <testcase name="workDayTest" time="49.880" classname="com.ParallelCrossBrwser.SingleTest"/>
  <testcase name="workDayTest" time="44.101" classname="com.ParallelCrossBrwser.SingleTest"/>
  <testcase name="test" time="23.765" classname="com.ParallelCrossBrwser.SingleTest"/>
  <testcase name="test" time="13.681" classname="com.ParallelCrossBrwser.SingleTest"/>
</testsuite> <!-- com.ParallelCrossBrwser.SingleTest -->
