<?xml version="1.0" encoding="UTF-8"?>
<testsuite xmlns:xsi="http://www.w3.org/2001/XMLSchema-instance" xsi:noNamespaceSchemaLocation="https://maven.apache.org/surefire/maven-surefire-plugin/xsd/surefire-test-report-3.0.xsd" version="3.0" name="TestSuite" time="265.831" tests="6" errors="0" skipped="0" failures="0">
  <properties>
    <property name="sun.desktop" value="windows"/>
    <property name="awt.toolkit" value="sun.awt.windows.WToolkit"/>
    <property name="file.encoding.pkg" value="sun.io"/>
    <property name="java.specification.version" value="1.8"/>
    <property name="webdriver.chrome.driver" value="C:\Users\Faruq\.cache\selenium\chromedriver\win32\87.0.4280.20\chromedriver.exe"/>
    <property name="sun.cpu.isalist" value="amd64"/>
    <property name="sun.jnu.encoding" value="Cp1252"/>
    <property name="java.class.path" value="C:\Users\Faruq\WorksSpace\Selenium\CrossBrowserTesting\target\test-classes;C:\Users\Faruq\WorksSpace\Selenium\CrossBrowserTesting\target\classes;C:\Users\Faruq\.m2\repository\org\seleniumhq\selenium\selenium-java\4.0.0-alpha-3\selenium-java-4.0.0-alpha-3.jar;C:\Users\Faruq\.m2\repository\org\seleniumhq\selenium\selenium-api\4.0.0-alpha-3\selenium-api-4.0.0-alpha-3.jar;C:\Users\Faruq\.m2\repository\org\seleniumhq\selenium\selenium-chrome-driver\4.0.0-alpha-3\selenium-chrome-driver-4.0.0-alpha-3.jar;C:\Users\Faruq\.m2\repository\com\google\guava\guava\27.1-jre\guava-27.1-jre.jar;C:\Users\Faruq\.m2\repository\com\google\guava\failureaccess\1.0.1\failureaccess-1.0.1.jar;C:\Users\Faruq\.m2\repository\com\google\guava\listenablefuture\9999.0-empty-to-avoid-conflict-with-guava\listenablefuture-9999.0-empty-to-avoid-conflict-with-guava.jar;C:\Users\Faruq\.m2\repository\com\google\code\findbugs\jsr305\3.0.2\jsr305-3.0.2.jar;C:\Users\Faruq\.m2\repository\org\checkerframework\checker-qual\2.5.2\checker-qual-2.5.2.jar;C:\Users\Faruq\.m2\repository\com\google\errorprone\error_prone_annotations\2.2.0\error_prone_annotations-2.2.0.jar;C:\Users\Faruq\.m2\repository\com\google\j2objc\j2objc-annotations\1.1\j2objc-annotations-1.1.jar;C:\Users\Faruq\.m2\repository\org\codehaus\mojo\animal-sniffer-annotations\1.17\animal-sniffer-annotations-1.17.jar;C:\Users\Faruq\.m2\repository\org\seleniumhq\selenium\selenium-chromium-driver\4.0.0-alpha-3\selenium-chromium-driver-4.0.0-alpha-3.jar;C:\Users\Faruq\.m2\repository\org\seleniumhq\selenium\selenium-devtools\4.0.0-alpha-3\selenium-devtools-4.0.0-alpha-3.jar;C:\Users\Faruq\.m2\repository\org\seleniumhq\selenium\selenium-http\4.0.0-alpha-3\selenium-http-4.0.0-alpha-3.jar;C:\Users\Faruq\.m2\repository\org\seleniumhq\selenium\selenium-json\4.0.0-alpha-3\selenium-json-4.0.0-alpha-3.jar;C:\Users\Faruq\.m2\repository\org\seleniumhq\selenium\selenium-edge-driver\4.0.0-alpha-3\selenium-edge-driver-4.0.0-alpha-3.jar;C:\Users\Faruq\.m2\repository\org\seleniumhq\selenium\selenium-edgehtml-driver\4.0.0-alpha-3\selenium-edgehtml-driver-4.0.0-alpha-3.jar;C:\Users\Faruq\.m2\repository\org\seleniumhq\selenium\selenium-firefox-driver\4.0.0-alpha-3\selenium-firefox-driver-4.0.0-alpha-3.jar;C:\Users\Faruq\.m2\repository\org\seleniumhq\selenium\selenium-firefox-xpi-driver\4.0.0-alpha-3\selenium-firefox-xpi-driver-4.0.0-alpha-3.jar;C:\Users\Faruq\.m2\repository\org\seleniumhq\selenium\selenium-ie-driver\4.0.0-alpha-3\selenium-ie-driver-4.0.0-alpha-3.jar;C:\Users\Faruq\.m2\repository\org\seleniumhq\selenium\selenium-opera-driver\4.0.0-alpha-3\selenium-opera-driver-4.0.0-alpha-3.jar;C:\Users\Faruq\.m2\repository\org\seleniumhq\selenium\selenium-remote-driver\4.0.0-alpha-3\selenium-remote-driver-4.0.0-alpha-3.jar;C:\Users\Faruq\.m2\repository\com\squareup\okhttp3\okhttp\4.0.1\okhttp-4.0.1.jar;C:\Users\Faruq\.m2\repository\com\squareup\okio\okio\2.2.2\okio-2.2.2.jar;C:\Users\Faruq\.m2\repository\org\jetbrains\kotlin\kotlin-stdlib\1.3.40\kotlin-stdlib-1.3.40.jar;C:\Users\Faruq\.m2\repository\org\jetbrains\kotlin\kotlin-stdlib-common\1.3.40\kotlin-stdlib-common-1.3.40.jar;C:\Users\Faruq\.m2\repository\org\jetbrains\annotations\13.0\annotations-13.0.jar;C:\Users\Faruq\.m2\repository\io\opentracing\opentracing-api\0.33.0\opentracing-api-0.33.0.jar;C:\Users\Faruq\.m2\repository\net\bytebuddy\byte-buddy\1.9.12\byte-buddy-1.9.12.jar;C:\Users\Faruq\.m2\repository\org\apache\commons\commons-exec\1.3\commons-exec-1.3.jar;C:\Users\Faruq\.m2\repository\org\seleniumhq\selenium\selenium-safari-driver\4.0.0-alpha-3\selenium-safari-driver-4.0.0-alpha-3.jar;C:\Users\Faruq\.m2\repository\org\seleniumhq\selenium\selenium-support\4.0.0-alpha-3\selenium-support-4.0.0-alpha-3.jar;C:\Users\Faruq\.m2\repository\org\testng\testng\7.0.0\testng-7.0.0.jar;C:\Users\Faruq\.m2\repository\com\beust\jcommander\1.72\jcommander-1.72.jar;C:\Users\Faruq\.m2\repository\io\github\bonigarcia\webdrivermanager\4.2.2\webdrivermanager-4.2.2.jar;C:\Users\Faruq\.m2\repository\org\slf4j\slf4j-api\1.7.30\slf4j-api-1.7.30.jar;C:\Users\Faruq\.m2\repository\commons-io\commons-io\2.8.0\commons-io-2.8.0.jar;C:\Users\Faruq\.m2\repository\com\google\code\gson\gson\2.8.6\gson-2.8.6.jar;C:\Users\Faruq\.m2\repository\org\apache\commons\commons-lang3\3.11\commons-lang3-3.11.jar;C:\Users\Faruq\.m2\repository\org\apache\httpcomponents\client5\httpclient5\5.0.1\httpclient5-5.0.1.jar;C:\Users\Faruq\.m2\repository\org\apache\httpcomponents\core5\httpcore5\5.0.1\httpcore5-5.0.1.jar;C:\Users\Faruq\.m2\repository\org\apache\httpcomponents\core5\httpcore5-h2\5.0.1\httpcore5-h2-5.0.1.jar;C:\Users\Faruq\.m2\repository\commons-codec\commons-codec\1.13\commons-codec-1.13.jar;C:\Users\Faruq\.m2\repository\org\rauschig\jarchivelib\1.1.0\jarchivelib-1.1.0.jar;C:\Users\Faruq\.m2\repository\org\apache\commons\commons-compress\1.20\commons-compress-1.20.jar;C:\Users\Faruq\.m2\repository\org\jsoup\jsoup\1.13.1\jsoup-1.13.1.jar;"/>
    <property name="java.vm.vendor" value="Oracle Corporation"/>
    <property name="sun.arch.data.model" value="64"/>
    <property name="user.variant" value=""/>
    <property name="java.vendor.url" value="http://java.oracle.com/"/>
    <property name="user.timezone" value="America/New_York"/>
    <property name="java.vm.specification.version" value="1.8"/>
    <property name="os.name" value="Windows 10"/>
    <property name="user.country" value="US"/>
    <property name="sun.java.launcher" value="SUN_STANDARD"/>
    <property name="sun.boot.library.path" value="C:\Program Files\Java\jdk1.8.0_171\jre\bin"/>
    <property name="sun.java.command" value="C:\Users\Faruq\AppData\Local\Temp\surefire6310149036732579674\surefirebooter6298836191142981869.jar C:\Users\Faruq\AppData\Local\Temp\surefire6310149036732579674 2020-12-01T09-35-42_071-jvmRun1 surefire4412069761424641812tmp surefire_03232124782688469945tmp"/>
    <property name="surefire.test.class.path" value="C:\Users\Faruq\WorksSpace\Selenium\CrossBrowserTesting\target\test-classes;C:\Users\Faruq\WorksSpace\Selenium\CrossBrowserTesting\target\classes;C:\Users\Faruq\.m2\repository\org\seleniumhq\selenium\selenium-java\4.0.0-alpha-3\selenium-java-4.0.0-alpha-3.jar;C:\Users\Faruq\.m2\repository\org\seleniumhq\selenium\selenium-api\4.0.0-alpha-3\selenium-api-4.0.0-alpha-3.jar;C:\Users\Faruq\.m2\repository\org\seleniumhq\selenium\selenium-chrome-driver\4.0.0-alpha-3\selenium-chrome-driver-4.0.0-alpha-3.jar;C:\Users\Faruq\.m2\repository\com\google\guava\guava\27.1-jre\guava-27.1-jre.jar;C:\Users\Faruq\.m2\repository\com\google\guava\failureaccess\1.0.1\failureaccess-1.0.1.jar;C:\Users\Faruq\.m2\repository\com\google\guava\listenablefuture\9999.0-empty-to-avoid-conflict-with-guava\listenablefuture-9999.0-empty-to-avoid-conflict-with-guava.jar;C:\Users\Faruq\.m2\repository\com\google\code\findbugs\jsr305\3.0.2\jsr305-3.0.2.jar;C:\Users\Faruq\.m2\repository\org\checkerframework\checker-qual\2.5.2\checker-qual-2.5.2.jar;C:\Users\Faruq\.m2\repository\com\google\errorprone\error_prone_annotations\2.2.0\error_prone_annotations-2.2.0.jar;C:\Users\Faruq\.m2\repository\com\google\j2objc\j2objc-annotations\1.1\j2objc-annotations-1.1.jar;C:\Users\Faruq\.m2\repository\org\codehaus\mojo\animal-sniffer-annotations\1.17\animal-sniffer-annotations-1.17.jar;C:\Users\Faruq\.m2\repository\org\seleniumhq\selenium\selenium-chromium-driver\4.0.0-alpha-3\selenium-chromium-driver-4.0.0-alpha-3.jar;C:\Users\Faruq\.m2\repository\org\seleniumhq\selenium\selenium-devtools\4.0.0-alpha-3\selenium-devtools-4.0.0-alpha-3.jar;C:\Users\Faruq\.m2\repository\org\seleniumhq\selenium\selenium-http\4.0.0-alpha-3\selenium-http-4.0.0-alpha-3.jar;C:\Users\Faruq\.m2\repository\org\seleniumhq\selenium\selenium-json\4.0.0-alpha-3\selenium-json-4.0.0-alpha-3.jar;C:\Users\Faruq\.m2\repository\org\seleniumhq\selenium\selenium-edge-driver\4.0.0-alpha-3\selenium-edge-driver-4.0.0-alpha-3.jar;C:\Users\Faruq\.m2\repository\org\seleniumhq\selenium\selenium-edgehtml-driver\4.0.0-alpha-3\selenium-edgehtml-driver-4.0.0-alpha-3.jar;C:\Users\Faruq\.m2\repository\org\seleniumhq\selenium\selenium-firefox-driver\4.0.0-alpha-3\selenium-firefox-driver-4.0.0-alpha-3.jar;C:\Users\Faruq\.m2\repository\org\seleniumhq\selenium\selenium-firefox-xpi-driver\4.0.0-alpha-3\selenium-firefox-xpi-driver-4.0.0-alpha-3.jar;C:\Users\Faruq\.m2\repository\org\seleniumhq\selenium\selenium-ie-driver\4.0.0-alpha-3\selenium-ie-driver-4.0.0-alpha-3.jar;C:\Users\Faruq\.m2\repository\org\seleniumhq\selenium\selenium-opera-driver\4.0.0-alpha-3\selenium-opera-driver-4.0.0-alpha-3.jar;C:\Users\Faruq\.m2\repository\org\seleniumhq\selenium\selenium-remote-driver\4.0.0-alpha-3\selenium-remote-driver-4.0.0-alpha-3.jar;C:\Users\Faruq\.m2\repository\com\squareup\okhttp3\okhttp\4.0.1\okhttp-4.0.1.jar;C:\Users\Faruq\.m2\repository\com\squareup\okio\okio\2.2.2\okio-2.2.2.jar;C:\Users\Faruq\.m2\repository\org\jetbrains\kotlin\kotlin-stdlib\1.3.40\kotlin-stdlib-1.3.40.jar;C:\Users\Faruq\.m2\repository\org\jetbrains\kotlin\kotlin-stdlib-common\1.3.40\kotlin-stdlib-common-1.3.40.jar;C:\Users\Faruq\.m2\repository\org\jetbrains\annotations\13.0\annotations-13.0.jar;C:\Users\Faruq\.m2\repository\io\opentracing\opentracing-api\0.33.0\opentracing-api-0.33.0.jar;C:\Users\Faruq\.m2\repository\net\bytebuddy\byte-buddy\1.9.12\byte-buddy-1.9.12.jar;C:\Users\Faruq\.m2\repository\org\apache\commons\commons-exec\1.3\commons-exec-1.3.jar;C:\Users\Faruq\.m2\repository\org\seleniumhq\selenium\selenium-safari-driver\4.0.0-alpha-3\selenium-safari-driver-4.0.0-alpha-3.jar;C:\Users\Faruq\.m2\repository\org\seleniumhq\selenium\selenium-support\4.0.0-alpha-3\selenium-support-4.0.0-alpha-3.jar;C:\Users\Faruq\.m2\repository\org\testng\testng\7.0.0\testng-7.0.0.jar;C:\Users\Faruq\.m2\repository\com\beust\jcommander\1.72\jcommander-1.72.jar;C:\Users\Faruq\.m2\repository\io\github\bonigarcia\webdrivermanager\4.2.2\webdrivermanager-4.2.2.jar;C:\Users\Faruq\.m2\repository\org\slf4j\slf4j-api\1.7.30\slf4j-api-1.7.30.jar;C:\Users\Faruq\.m2\repository\commons-io\commons-io\2.8.0\commons-io-2.8.0.jar;C:\Users\Faruq\.m2\repository\com\google\code\gson\gson\2.8.6\gson-2.8.6.jar;C:\Users\Faruq\.m2\repository\org\apache\commons\commons-lang3\3.11\commons-lang3-3.11.jar;C:\Users\Faruq\.m2\repository\org\apache\httpcomponents\client5\httpclient5\5.0.1\httpclient5-5.0.1.jar;C:\Users\Faruq\.m2\repository\org\apache\httpcomponents\core5\httpcore5\5.0.1\httpcore5-5.0.1.jar;C:\Users\Faruq\.m2\repository\org\apache\httpcomponents\core5\httpcore5-h2\5.0.1\httpcore5-h2-5.0.1.jar;C:\Users\Faruq\.m2\repository\commons-codec\commons-codec\1.13\commons-codec-1.13.jar;C:\Users\Faruq\.m2\repository\org\rauschig\jarchivelib\1.1.0\jarchivelib-1.1.0.jar;C:\Users\Faruq\.m2\repository\org\apache\commons\commons-compress\1.20\commons-compress-1.20.jar;C:\Users\Faruq\.m2\repository\org\jsoup\jsoup\1.13.1\jsoup-1.13.1.jar;"/>
    <property name="sun.cpu.endian" value="little"/>
    <property name="user.home" value="C:\Users\Faruq"/>
    <property name="user.language" value="en"/>
    <property name="java.specification.vendor" value="Oracle Corporation"/>
    <property name="java.home" value="C:\Program Files\Java\jdk1.8.0_171\jre"/>
    <property name="basedir" value="C:\Users\Faruq\WorksSpace\Selenium\CrossBrowserTesting"/>
    <property name="style.color" value="always"/>
    <property name="file.separator" value="\"/>
    <property name="line.separator" value="&#10;"/>
    <property name="java.vm.specification.vendor" value="Oracle Corporation"/>
    <property name="java.specification.name" value="Java Platform API Specification"/>
    <property name="java.awt.graphicsenv" value="sun.awt.Win32GraphicsEnvironment"/>
    <property name="surefire.real.class.path" value="C:\Users\Faruq\AppData\Local\Temp\surefire6310149036732579674\surefirebooter6298836191142981869.jar"/>
    <property name="sun.boot.class.path" value="C:\Program Files\Java\jdk1.8.0_171\jre\lib\resources.jar;C:\Program Files\Java\jdk1.8.0_171\jre\lib\rt.jar;C:\Program Files\Java\jdk1.8.0_171\jre\lib\sunrsasign.jar;C:\Program Files\Java\jdk1.8.0_171\jre\lib\jsse.jar;C:\Program Files\Java\jdk1.8.0_171\jre\lib\jce.jar;C:\Program Files\Java\jdk1.8.0_171\jre\lib\charsets.jar;C:\Program Files\Java\jdk1.8.0_171\jre\lib\jfr.jar;C:\Program Files\Java\jdk1.8.0_171\jre\classes"/>
    <property name="user.script" value=""/>
    <property name="sun.management.compiler" value="HotSpot 64-Bit Tiered Compilers"/>
    <property name="java.runtime.version" value="1.8.0_171-b11"/>
    <property name="webdriver.edge.driver" value="C:\Users\Faruq\.cache\selenium\msedgedriver\win64\87.0.664.52\msedgedriver.exe"/>
    <property name="user.name" value="Faruq"/>
    <property name="path.separator" value=";"/>
    <property name="os.version" value="10.0"/>
    <property name="java.endorsed.dirs" value="C:\Program Files\Java\jdk1.8.0_171\jre\lib\endorsed"/>
    <property name="java.runtime.name" value="Java(TM) SE Runtime Environment"/>
    <property name="file.encoding" value="Cp1252"/>
    <property name="java.vm.name" value="Java HotSpot(TM) 64-Bit Server VM"/>
    <property name="localRepository" value="C:\Users\Faruq\.m2\repository"/>
    <property name="java.vendor.url.bug" value="http://bugreport.sun.com/bugreport/"/>
    <property name="java.io.tmpdir" value="C:\Users\Faruq\AppData\Local\Temp\"/>
    <property name="java.version" value="1.8.0_171"/>
    <property name="user.dir" value="C:\Users\Faruq\WorksSpace\Selenium\CrossBrowserTesting"/>
    <property name="os.arch" value="amd64"/>
    <property name="webdriver.gecko.driver" value="C:\Users\Faruq\.cache\selenium\geckodriver\win64\0.28.0\geckodriver.exe"/>
    <property name="java.vm.specification.name" value="Java Virtual Machine Specification"/>
    <property name="java.awt.printerjob" value="sun.awt.windows.WPrinterJob"/>
    <property name="sun.os.patch.level" value=""/>
    <property name="java.library.path" value="C:\Program Files\Java\jdk1.8.0_171\jre\bin;C:\WINDOWS\Sun\Java\bin;C:\WINDOWS\system32;C:\WINDOWS;C:/Program Files/Java/jre1.8.0_171/bin/server;C:/Program Files/Java/jre1.8.0_171/bin;C:/Program Files/Java/jre1.8.0_171/lib/amd64;C:\Python27\;C:\Python27\Scripts;C:\Program Files (x86)\Common Files\Oracle\Java\javapath;C:\Program Files\Java\jdk1.8.0_171\bin;C:\Program Files\Java\jre1.8.0_171\bin;C:\Program Files\HPE\NV\lib\shunra\vcat;C:\Program Files (x86)\Intel\iCLS Client\;C:\Program Files\Intel\iCLS Client\;C:\WINDOWS\system32;C:\WINDOWS;C:\WINDOWS\System32\Wbem;C:\WINDOWS\System32\WindowsPowerShell\v1.0\;C:\Program Files (x86)\Intel\Intel(R) Management Engine Components\DAL;C:\Program Files\Intel\Intel(R) Management Engine Components\DAL;C:\Program Files (x86)\Intel\Intel(R) Management Engine Components\IPT;C:\Program Files\Intel\Intel(R) Management Engine Components\IPT;C:\Program Files (x86)\HPE\LoadRunner\strawberry-perl\perl\bin;C:\Program Files (x86)\HPE\Unified Functional Testing\bin;C:\Program Files\Maven\apache-maven-3.5.3\bin;C:\WINDOWS\System32\OpenSSH\;C:\Program Files\Git\cmd;C:\Program Files\Git\mingw64\bin;C:\Program Files\Git\usr\bin;C:\SeleniumDriver\MicrosoftWebDriver\;C:\Program Files (x86)\Microsoft SQL Server\Client SDK\ODBC\130\Tools\Binn\;C:\Program Files (x86)\Microsoft SQL Server\140\Tools\Binn\;C:\Program Files (x86)\Microsoft SQL Server\140\DTS\Binn\;C:\Program Files (x86)\Microsoft SQL Server\140\Tools\Binn\ManagementStudio\;C:\Program Files\Amazon\AWSCLI\bin\;C:\Program Files\PuTTY\;C:\Program Files\nodejs\;C:\ProgramData\chocolatey\bin;C:\Program Files\Microsoft SQL Server\Client SDK\ODBC\170\Tools\Binn\;C:\Program Files (x86)\Microsoft SQL Server\150\Tools\Binn\;C:\Program Files\Microsoft SQL Server\150\Tools\Binn\;C:\Program Files\Microsoft SQL Server\150\DTS\Binn\;C:\Program Files (x86)\Microsoft SQL Server\150\DTS\Binn\;C:\Program Files\Android\Android Studio\bin;C:\Users\Faruq\AppData\Local\Android\Sdk\platforms;C:\Users\Faruq\AppData\Local\Android\Sdk\platform-tools;C:\Users\Faruq\AppData\Local\Android\Sdk\tools;C:\Users\Faruq\AppData\Local\Android\Sdk\tools\bin;C:\Users\Faruq\AppData\Local\Android\Sdk\build-tools;C:\Program Files\dotnet\;C:\Program Files\Microsoft SQL Server\130\Tools\Binn\;C:\Program Files (x86)\Microsoft SQL Server\110\DTS\Binn\;C:\Program Files (x86)\Microsoft SQL Server\120\DTS\Binn\;C:\Program Files (x86)\Microsoft SQL Server\130\DTS\Binn\;C:\Users\Faruq\AppData\Local\Microsoft\WindowsApps;C:\Program Files\Java\jdk1.8.0_171\bin;C:\Users\Faruq\AppData\Roaming\npm;C:\Users\Faruq\.dotnet\tools;C:\sts-4.6.0.RELEASE;;."/>
    <property name="java.vm.info" value="mixed mode"/>
    <property name="java.vendor" value="Oracle Corporation"/>
    <property name="java.vm.version" value="25.171-b11"/>
    <property name="java.ext.dirs" value="C:\Program Files\Java\jdk1.8.0_171\jre\lib\ext;C:\WINDOWS\Sun\Java\lib\ext"/>
    <property name="sun.io.unicode.encoding" value="UnicodeLittle"/>
    <property name="java.class.version" value="52.0"/>
  </properties>
  <testcase name="workDayTest" classname="com.ParallelCrossBrwser.SingleTest" time="10.501">
    <system-out><![CDATA[https://www.workday.com/
]]></system-out>
    <system-err><![CDATA[SLF4J: Failed to load class "org.slf4j.impl.StaticLoggerBinder".
SLF4J: Defaulting to no-operation (NOP) logger implementation
SLF4J: See http://www.slf4j.org/codes.html#StaticLoggerBinder for further details.
Starting ChromeDriver 87.0.4280.20 (c99e81631faa0b2a448e658c0dbd8311fb04ddbd-refs/branch-heads/4280@{#355}) on port 35570
Only local connections are allowed.
Please see https://chromedriver.chromium.org/security-considerations for suggestions on keeping ChromeDriver safe.
1606833407767	geckodriver	INFO	Listening on 127.0.0.1:14930
ChromeDriver was started successfully.
1606833418422	mozrunner::runner	INFO	Running command: "C:\\Program Files\\Mozilla Firefox\\firefox.exe" "--marionette" "-foreground" "-no-remote" "-profile" "C:\\Users\\Faruq\\AppData\\Local\\Temp\\rust_mozprofilePeYXRZ"
Dec 01, 2020 9:37:11 AM org.openqa.selenium.remote.ProtocolHandshake createSession
INFO: Detected dialect: W3C
JavaScript error: resource://gre/modules/XULStore.jsm, line 66: Error: Can't find profile directory.
console.warn: SearchSettings: "get: No settings file exists, new profile?" (new Error("", "(unknown module)"))
1606833468783	Marionette	INFO	Listening on port 11731
[Parent 23024, Gecko_IOThread] WARNING: file /builds/worker/checkouts/gecko/ipc/chromium/src/base/process_util_win.cc:166
1606833470553	Marionette	WARN	TLS certificate errors will be ignored for this session
Dec 01, 2020 9:37:52 AM org.openqa.selenium.remote.ProtocolHandshake createSession
INFO: Detected dialect: W3C
Can't find symbol 'eglSwapBuffersWithDamageEXT'.
Can't find symbol 'eglSetDamageRegionKHR'.
]]></system-err>
  </testcase>
  <testcase name="workDayTest" classname="com.ParallelCrossBrwser.SingleTest" time="30.336">
    <system-out><![CDATA[https://www.workday.com/
]]></system-out>
    <system-err><![CDATA[JavaScript warning: https://cdnssl.clicktale.net/ptc/7aa96ef5-fc05-46ca-96bc-8652493c7458.js, line 818: unreachable code after return statement
]]></system-err>
  </testcase>
  <testcase name="workDayTest" classname="com.ParallelCrossBrwser.SingleTest" time="44.035">
    <system-out><![CDATA[https://www.workday.com/
]]></system-out>
    <system-err><![CDATA[1606833527040	Marionette	INFO	Stopped listening on port 11731

###!!! [Child][RunMessage] Error: Channel closing: too late to send/recv, messages will be lost


###!!! [Child][MessageChannel::SendAndWait] Error: Channel error: cannot send/recv

Starting MSEdgeDriver 87.0.664.52 (0e068395bb366431f82971064ad64a93b7aedb55) on port 38977
Only local connections are allowed.
Please see https://chromedriver.chromium.org/security-considerations for suggestions on keeping MSEdgeDriver safe.
MSEdgeDriver was started successfully.
Dec 01, 2020 9:39:18 AM org.openqa.selenium.remote.ProtocolHandshake createSession
INFO: Detected dialect: W3C
]]></system-err>
  </testcase>
  <testcase name="test" classname="com.ParallelCrossBrwser.SingleTest" time="23.763">
    <system-out><![CDATA[Salesforce: We Bring Companies and Customers Together
]]></system-out>
    <system-err><![CDATA[JavaScript warning: https://cdnssl.clicktale.net/ptc/7aa96ef5-fc05-46ca-96bc-8652493c7458.js, line 818: unreachable code after return statement
]]></system-err>
  </testcase>
  <testcase name="test" classname="com.ParallelCrossBrwser.SingleTest" time="13.305">
    <system-out><![CDATA[Salesforce: We Bring Companies and Customers Together
]]></system-out>
  </testcase>
  <testcase name="test" classname="com.ParallelCrossBrwser.SingleTest" time="13.68">
    <system-out><![CDATA[Salesforce: We Bring Companies and Customers Together
]]></system-out>
  </testcase>
</testsuite>